<?xml version="1.0" encoding="UTF-8"?>
<testng-results ignored="0" total="2" passed="2" failed="0" skipped="0">
  <reporter-output>
  </reporter-output>
  <suite started-at="2025-01-03T12:13:52 IST" name="Master Suite" finished-at="2025-01-03T12:14:12 IST" duration-ms="20148">
    <groups>
      <group name="Master">
        <method signature="TC002_LoginTest.verify_login()[pri:0, instance:testCases.TC002_LoginTest@34123d65]" name="verify_login" class="testCases.TC002_LoginTest"/>
        <method signature="Tc001_AccountRegistrationTest.verify_account_registration()[pri:0, instance:testCases.Tc001_AccountRegistrationTest@14cd1699]" name="verify_account_registration" class="testCases.Tc001_AccountRegistrationTest"/>
      </group> <!-- Master -->
      <group name="regression">
        <method signature="Tc001_AccountRegistrationTest.verify_account_registration()[pri:0, instance:testCases.Tc001_AccountRegistrationTest@14cd1699]" name="verify_account_registration" class="testCases.Tc001_AccountRegistrationTest"/>
      </group> <!-- regression -->
      <group name="sanity">
        <method signature="TC002_LoginTest.verify_login()[pri:0, instance:testCases.TC002_LoginTest@34123d65]" name="verify_login" class="testCases.TC002_LoginTest"/>
      </group> <!-- sanity -->
    </groups>
    <test started-at="2025-01-03T12:13:52 IST" name="Test" finished-at="2025-01-03T12:14:12 IST" duration-ms="20148">
      <class name="testCases.TC002_LoginTest">
        <test-method is-config="true" signature="setUp(java.lang.String,java.lang.String)[pri:0, instance:testCases.TC002_LoginTest@34123d65]" started-at="2025-01-03T12:14:05 IST" name="setUp" finished-at="2025-01-03T12:14:10 IST" duration-ms="5361" status="PASS">
          <params>
            <param index="0">
              <value>
                <![CDATA[windows]]>
              </value>
            </param>
            <param index="1">
              <value>
                <![CDATA[chrome]]>
              </value>
            </param>
          </params>
          <reporter-output>
          </reporter-output>
        </test-method> <!-- setUp -->
        <test-method signature="verify_login()[pri:0, instance:testCases.TC002_LoginTest@34123d65]" started-at="2025-01-03T12:14:10 IST" name="verify_login" finished-at="2025-01-03T12:14:12 IST" duration-ms="1556" status="PASS">
          <reporter-output>
          </reporter-output>
        </test-method> <!-- verify_login -->
        <test-method is-config="true" signature="tearDown()[pri:0, instance:testCases.TC002_LoginTest@34123d65]" started-at="2025-01-03T12:14:12 IST" name="tearDown" finished-at="2025-01-03T12:14:12 IST" duration-ms="378" status="PASS">
          <reporter-output>
          </reporter-output>
        </test-method> <!-- tearDown -->
      </class> <!-- testCases.TC002_LoginTest -->
      <class name="testCases.Tc001_AccountRegistrationTest">
        <test-method is-config="true" signature="setUp(java.lang.String,java.lang.String)[pri:0, instance:testCases.Tc001_AccountRegistrationTest@14cd1699]" started-at="2025-01-03T12:13:53 IST" name="setUp" finished-at="2025-01-03T12:14:02 IST" duration-ms="9103" status="PASS">
          <params>
            <param index="0">
              <value>
                <![CDATA[windows]]>
              </value>
            </param>
            <param index="1">
              <value>
                <![CDATA[chrome]]>
              </value>
            </param>
          </params>
          <reporter-output>
          </reporter-output>
        </test-method> <!-- setUp -->
        <test-method signature="verify_account_registration()[pri:0, instance:testCases.Tc001_AccountRegistrationTest@14cd1699]" started-at="2025-01-03T12:14:02 IST" name="verify_account_registration" finished-at="2025-01-03T12:14:05 IST" duration-ms="2912" status="PASS">
          <reporter-output>
          </reporter-output>
        </test-method> <!-- verify_account_registration -->
        <test-method is-config="true" signature="tearDown()[pri:0, instance:testCases.Tc001_AccountRegistrationTest@14cd1699]" started-at="2025-01-03T12:14:05 IST" name="tearDown" finished-at="2025-01-03T12:14:05 IST" duration-ms="371" status="PASS">
          <reporter-output>
          </reporter-output>
        </test-method> <!-- tearDown -->
      </class> <!-- testCases.Tc001_AccountRegistrationTest -->
    </test> <!-- Test -->
  </suite> <!-- Master Suite -->
</testng-results>
